LyCamer/build/outputs/logs/manifest-merger-debug-report.txt
-- Merging decision tree log ---
manifest
ADDED from src\main\AndroidManifest.xml:2:1-88:12
	package
		ADDED from src\main\AndroidManifest.xml:3:5-21
		INJECTED from src\main\AndroidManifest.xml
		INJECTED from src\main\AndroidManifest.xml
	android:versionName
		ADDED from src\main\AndroidManifest.xml:5:5-30
		INJECTED from src\main\AndroidManifest.xml
		INJECTED from src\main\AndroidManifest.xml
	android:versionCode
		ADDED from src\main\AndroidManifest.xml:4:5-28
		INJECTED from src\main\AndroidManifest.xml
		INJECTED from src\main\AndroidManifest.xml
	xmlns:android
		ADDED from src\main\AndroidManifest.xml:2:11-69
uses-sdk
ADDED from src\main\AndroidManifest.xml:7:5-43
	android:targetSdkVersion
		INJECTED from src\main\AndroidManifest.xml
		INJECTED from src\main\AndroidManifest.xml
	android:minSdkVersion
		ADDED from src\main\AndroidManifest.xml:7:15-40
		INJECTED from src\main\AndroidManifest.xml
		INJECTED from src\main\AndroidManifest.xml
uses-permission#android.permission.INTERNET
ADDED from src\main\AndroidManifest.xml:9:5-10:23
	android:name
		ADDED from src\main\AndroidManifest.xml:9:22-64
uses-permission#android.permission.READ_PHONE_STATE
ADDED from src\main\AndroidManifest.xml:11:5-12:23
	android:name
		ADDED from src\main\AndroidManifest.xml:11:22-72
instrumentation
ADDED from src\main\AndroidManifest.xml:14:5-18:23
	android:label
		ADDED from src\main\AndroidManifest.xml:16:9-32
	android:targetPackage
		ADDED from src\main\AndroidManifest.xml:17:9-39
	android:name
		ADDED from src\main\AndroidManifest.xml:15:9-62
application
ADDED from src\main\AndroidManifest.xml:20:5-86:19
	android:label
		ADDED from src\main\AndroidManifest.xml:22:9-41
	android:icon
		ADDED from src\main\AndroidManifest.xml:21:9-39
activity#com.ly.MainActivity
ADDED from src\main\AndroidManifest.xml:23:9-31:20
	android:label
		ADDED from src\main\AndroidManifest.xml:25:13-45
	android:name
		ADDED from src\main\AndroidManifest.xml:24:13-47
intent-filter#android.intent.action.MAIN+android.intent.category.LAUNCHER
ADDED from src\main\AndroidManifest.xml:26:13-30:29
action#android.intent.action.MAIN
ADDED from src\main\AndroidManifest.xml:27:17-69
	android:name
		ADDED from src\main\AndroidManifest.xml:27:25-66
category#android.intent.category.LAUNCHER
ADDED from src\main\AndroidManifest.xml:29:17-77
	android:name
		ADDED from src\main\AndroidManifest.xml:29:27-74
activity#com.ly.MyCamera
ADDED from src\main\AndroidManifest.xml:32:9-35:20
	android:label
		ADDED from src\main\AndroidManifest.xml:34:13-44
	android:name
		ADDED from src\main\AndroidManifest.xml:33:13-43
activity#h264.play.demo.H264PlayDemo
ADDED from src\main\AndroidManifest.xml:36:9-39:20
	android:screenOrientation
		ADDED from src\main\AndroidManifest.xml:38:13-50
	android:name
		ADDED from src\main\AndroidManifest.xml:37:13-55
activity#xm.eye.preview.xmplayer
ADDED from src\main\AndroidManifest.xml:40:9-43:20
	android:screenOrientation
		ADDED from src\main\AndroidManifest.xml:42:13-50
	android:name
		ADDED from src\main\AndroidManifest.xml:41:13-51
activity#com.mw.MyHomePage
ADDED from src\main\AndroidManifest.xml:44:9-48:20
	android:label
		ADDED from src\main\AndroidManifest.xml:46:13-64
	android:theme
		ADDED from src\main\AndroidManifest.xml:47:13-47
	android:name
		ADDED from src\main\AndroidManifest.xml:45:13-45
activity#com.mw.AlarmPage
ADDED from src\main\AndroidManifest.xml:49:9-53:20
	android:label
		ADDED from src\main\AndroidManifest.xml:51:13-62
	android:theme
		ADDED from src\main\AndroidManifest.xml:52:13-47
	android:name
		ADDED from src\main\AndroidManifest.xml:50:13-44
activity#com.mw.ControlPage
ADDED from src\main\AndroidManifest.xml:54:9-57:20
	android:label
		ADDED from src\main\AndroidManifest.xml:56:13-64
	android:theme
		ADDED from src\main\AndroidManifest.xml:56:65-99
	android:name
		ADDED from src\main\AndroidManifest.xml:55:13-46
activity#com.mw.ElectricalPage
ADDED from src\main\AndroidManifest.xml:58:9-61:20
	android:label
		ADDED from src\main\AndroidManifest.xml:60:13-67
	android:theme
		ADDED from src\main\AndroidManifest.xml:60:68-102
	android:name
		ADDED from src\main\AndroidManifest.xml:59:13-49
activity#com.mw.SettingPage
ADDED from src\main\AndroidManifest.xml:62:9-65:20
	android:label
		ADDED from src\main\AndroidManifest.xml:64:13-64
	android:name
		ADDED from src\main\AndroidManifest.xml:63:13-46
activity#com.mw.MyHomePage1
ADDED from src\main\AndroidManifest.xml:66:9-70:20
	android:label
		ADDED from src\main\AndroidManifest.xml:68:13-65
	android:theme
		ADDED from src\main\AndroidManifest.xml:69:13-47
	android:name
		ADDED from src\main\AndroidManifest.xml:67:13-46
activity#com.mw.UserInfoPage
ADDED from src\main\AndroidManifest.xml:71:9-74:20
	android:label
		ADDED from src\main\AndroidManifest.xml:73:13-66
	android:theme
		ADDED from src\main\AndroidManifest.xml:73:67-101
	android:name
		ADDED from src\main\AndroidManifest.xml:72:13-47
activity#com.ly.HKPlayer
ADDED from src\main\AndroidManifest.xml:75:9-76:20
	android:name
		ADDED from src\main\AndroidManifest.xml:75:19-49
activity#com.mw.LoadingPage
ADDED from src\main\AndroidManifest.xml:77:9-81:20
	android:label
		ADDED from src\main\AndroidManifest.xml:79:13-64
	android:theme
		ADDED from src\main\AndroidManifest.xml:80:13-48
	android:name
		ADDED from src\main\AndroidManifest.xml:78:13-46
activity#com.mw.TestPage
ADDED from src\main\AndroidManifest.xml:82:9-85:20
	android:label
		ADDED from src\main\AndroidManifest.xml:84:13-61
	android:name
		ADDED from src\main\AndroidManifest.xml:83:13-43